<?xml version="1.0" encoding="UTF-8"?>
<!-- Generated by org.testng.reporters.JUnitReportReporter -->
<testsuite hostname="LAPTOP-K180U6IV" failures="0" tests="1" name="Test.FinalTest" time="53.386" errors="0" timestamp="2024-09-02T13:07:41 IST" skipped="0">
  <testcase classname="Test.FinalTest" name="Runnertest" time="53.386"/>
</testsuite> <!-- Test.FinalTest -->
